<?xml version="1.0" encoding="UTF-8"?>
<!-- Generated by org.testng.reporters.JUnitReportReporter -->
<testsuite hostname="LAPTOP-QTDT2OIQ" failures="0" tests="1" name="testCases.signUpandLoginFlow" time="15.876" errors="0" timestamp="2025-01-14T09:24:13 NPT" skipped="0">
  <testcase classname="testCases.signUpandLoginFlow" name="signupandLogin" time="15.876"/>
</testsuite> <!-- testCases.signUpandLoginFlow -->
